0 info it worked if it ends with ok
1 verbose cli [ 'C:\\Program Files\\nodejs\\node.exe',
1 verbose cli   'C:\\Program Files\\nodejs\\node_modules\\npm\\bin\\npm-cli.js',
1 verbose cli   'start' ]
2 info using npm@3.10.10
3 info using node@v6.11.0
4 verbose run-script [ 'prestart', 'start', 'poststart' ]
5 info lifecycle jvbhealthwellness-frontend@0.0.1~prestart: jvbhealthwellness-frontend@0.0.1
6 silly lifecycle jvbhealthwellness-frontend@0.0.1~prestart: no script for prestart, continuing
7 info lifecycle jvbhealthwellness-frontend@0.0.1~start: jvbhealthwellness-frontend@0.0.1
8 verbose lifecycle jvbhealthwellness-frontend@0.0.1~start: unsafe-perm in lifecycle true
9 verbose lifecycle jvbhealthwellness-frontend@0.0.1~start: PATH: C:\Program Files\nodejs\node_modules\npm\bin\node-gyp-bin;C:\Users\HOME\Desktop\Client1\Progress_Analyzer\node_modules\.bin;C:\Users\HOME\Anaconda3\envs\clientEnv;C:\Users\HOME\Anaconda3\envs\clientEnv\Library\mingw-w64\bin;C:\Users\HOME\Anaconda3\envs\clientEnv\Library\usr\bin;C:\Users\HOME\Anaconda3\envs\clientEnv\Library\bin;C:\Users\HOME\Anaconda3\envs\clientEnv\Scripts;C:\Program Files (x86)\Intel\iCLS Client\;C:\Program Files\Intel\iCLS Client\;C:\WINDOWS\system32;C:\WINDOWS;C:\WINDOWS\System32\Wbem;C:\WINDOWS\System32\WindowsPowerShell\v1.0\;C:\Program Files (x86)\Intel\OpenCL SDK\2.0\bin\x86;C:\Program Files (x86)\Intel\OpenCL SDK\2.0\bin\x64;C:\Program Files\Intel\Intel(R) Management Engine Components\DAL;C:\Program Files\Intel\Intel(R) Management Engine Components\IPT;C:\Program Files (x86)\Intel\Intel(R) Management Engine Components\DAL;C:\Program Files (x86)\Intel\Intel(R) Management Engine Components\IPT;C:\Program Files\Intel\WiFi\bin\;C:\Program Files\Common Files\Intel\WirelessCommon\;C:\Program Files (x86)\Skype\Phone\;C:\Program Files (x86)\Brackets\command;C:\Program Files\Git\cmd;C:\Program Files\nodejs\;C:\Users\HOME\Anaconda3;C:\Users\HOME\Anaconda3\Scripts;C:\Users\HOME\Anaconda3\Library\bin;C:\Program Files\nodejs\;C:\Users\HOME\AppData\Roaming\npm;c:\program files\gnuwin32\bin\make.exe;
10 verbose lifecycle jvbhealthwellness-frontend@0.0.1~start: CWD: C:\Users\HOME\Desktop\Client1\Progress_Analyzer
11 silly lifecycle jvbhealthwellness-frontend@0.0.1~start: Args: [ '/d /s /c', 'babel-node server.js' ]
12 silly lifecycle jvbhealthwellness-frontend@0.0.1~start: Returned: code: 1  signal: null
13 info lifecycle jvbhealthwellness-frontend@0.0.1~start: Failed to exec start script
14 verbose stack Error: jvbhealthwellness-frontend@0.0.1 start: `babel-node server.js`
14 verbose stack Exit status 1
14 verbose stack     at EventEmitter.<anonymous> (C:\Program Files\nodejs\node_modules\npm\lib\utils\lifecycle.js:255:16)
14 verbose stack     at emitTwo (events.js:106:13)
14 verbose stack     at EventEmitter.emit (events.js:191:7)
14 verbose stack     at ChildProcess.<anonymous> (C:\Program Files\nodejs\node_modules\npm\lib\utils\spawn.js:40:14)
14 verbose stack     at emitTwo (events.js:106:13)
14 verbose stack     at ChildProcess.emit (events.js:191:7)
14 verbose stack     at maybeClose (internal/child_process.js:891:16)
14 verbose stack     at Process.ChildProcess._handle.onexit (internal/child_process.js:226:5)
15 verbose pkgid jvbhealthwellness-frontend@0.0.1
16 verbose cwd C:\Users\HOME\Desktop\Client1\Progress_Analyzer
17 error Windows_NT 6.3.9600
18 error argv "C:\\Program Files\\nodejs\\node.exe" "C:\\Program Files\\nodejs\\node_modules\\npm\\bin\\npm-cli.js" "start"
19 error node v6.11.0
20 error npm  v3.10.10
21 error code ELIFECYCLE
22 error jvbhealthwellness-frontend@0.0.1 start: `babel-node server.js`
22 error Exit status 1
23 error Failed at the jvbhealthwellness-frontend@0.0.1 start script 'babel-node server.js'.
23 error Make sure you have the latest version of node.js and npm installed.
23 error If you do, this is most likely a problem with the jvbhealthwellness-frontend package,
23 error not with npm itself.
23 error Tell the author that this fails on your system:
23 error     babel-node server.js
23 error You can get information on how to open an issue for this project with:
23 error     npm bugs jvbhealthwellness-frontend
23 error Or if that isn't available, you can get their info via:
23 error     npm owner ls jvbhealthwellness-frontend
23 error There is likely additional logging output above.
24 verbose exit [ 1, true ]
